{"/Users/yuanzhijia/Desktop/yd-crmsystem/src/web/components/Home/index.tsx": {"path":"/Users/yuanzhijia/Desktop/yd-crmsystem/src/web/components/Home/index.tsx","statementMap":{"0":{"start":{"line":1,"column":0},"end":{"line":1,"column":31}},"1":{"start":{"line":3,"column":13},"end":{"line":13,"column":1}},"2":{"start":{"line":4,"column":2},"end":{"line":12,"column":4}},"3":{"start":{"line":14,"column":0},"end":{"line":14,"column":20}}},"fnMap":{"0":{"name":"(anonymous_0)","decl":{"start":{"line":3,"column":13},"end":{"line":3,"column":null}},"loc":{"start":{"line":3,"column":13},"end":{"line":13,"column":1}}}},"branchMap":{},"s":{"0":1,"1":1,"2":1,"3":1},"f":{"0":1},"b":{}}
,"/Users/yuanzhijia/Desktop/yd-crmsystem/src/web/utils/yd.ts": {"path":"/Users/yuanzhijia/Desktop/yd-crmsystem/src/web/utils/yd.ts","statementMap":{"0":{"start":{"line":6,"column":19},"end":{"line":6,"column":34}},"1":{"start":{"line":7,"column":13},"end":{"line":7,"column":28}},"2":{"start":{"line":8,"column":10},"end":{"line":11,"column":1}},"3":{"start":{"line":9,"column":2},"end":{"line":9,"column":46}},"4":{"start":{"line":9,"column":28},"end":{"line":9,"column":46}},"5":{"start":{"line":10,"column":2},"end":{"line":10,"column":22}},"6":{"start":{"line":13,"column":0},"end":{"line":23,"column":2}},"7":{"start":{"line":13,"column":26},"end":{"line":13,"column":null}},"8":{"start":{"line":15,"column":2},"end":{"line":22,"column":4}},"9":{"start":{"line":15,"column":18},"end":{"line":15,"column":25}},"10":{"start":{"line":16,"column":4},"end":{"line":21,"column":null}},"11":{"start":{"line":17,"column":6},"end":{"line":19,"column":15}},"12":{"start":{"line":18,"column":8},"end":{"line":18,"column":21}},"13":{"start":{"line":20,"column":6},"end":{"line":20,"column":34}},"14":{"start":{"line":24,"column":0},"end":{"line":29,"column":2}},"15":{"start":{"line":25,"column":2},"end":{"line":27,"column":null}},"16":{"start":{"line":26,"column":4},"end":{"line":26,"column":13}},"17":{"start":{"line":28,"column":2},"end":{"line":28,"column":15}},"18":{"start":{"line":30,"column":0},"end":{"line":34,"column":2}},"19":{"start":{"line":31,"column":2},"end":{"line":31,"column":21}},"20":{"start":{"line":32,"column":2},"end":{"line":32,"column":29}},"21":{"start":{"line":33,"column":2},"end":{"line":33,"column":30}},"22":{"start":{"line":35,"column":0},"end":{"line":41,"column":2}},"23":{"start":{"line":36,"column":2},"end":{"line":40,"column":null}},"24":{"start":{"line":37,"column":4},"end":{"line":39,"column":null}},"25":{"start":{"line":37,"column":23},"end":{"line":37,"column":26}},"26":{"start":{"line":37,"column":19},"end":{"line":37,"column":23}},"27":{"start":{"line":38,"column":6},"end":{"line":38,"column":41}},"28":{"start":{"line":42,"column":0},"end":{"line":44,"column":2}},"29":{"start":{"line":43,"column":2},"end":{"line":43,"column":44}},"30":{"start":{"line":45,"column":0},"end":{"line":51,"column":2}},"31":{"start":{"line":46,"column":16},"end":{"line":46,"column":18}},"32":{"start":{"line":47,"column":2},"end":{"line":49,"column":null}},"33":{"start":{"line":48,"column":4},"end":{"line":48,"column":48}},"34":{"start":{"line":48,"column":32},"end":{"line":48,"column":48}},"35":{"start":{"line":50,"column":2},"end":{"line":50,"column":22}},"36":{"start":{"line":53,"column":0},"end":{"line":63,"column":2}},"37":{"start":{"line":54,"column":2},"end":{"line":61,"column":5}},"38":{"start":{"line":55,"column":18},"end":{"line":55,"column":37}},"39":{"start":{"line":56,"column":4},"end":{"line":60,"column":6}},"40":{"start":{"line":57,"column":19},"end":{"line":57,"column":34}},"41":{"start":{"line":58,"column":6},"end":{"line":58,"column":34}},"42":{"start":{"line":59,"column":6},"end":{"line":59,"column":33}},"43":{"start":{"line":62,"column":2},"end":{"line":62,"column":11}},"44":{"start":{"line":64,"column":0},"end":{"line":64,"column":11}},"45":{"start":{"line":65,"column":0},"end":{"line":65,"column":17}}},"fnMap":{"0":{"name":"(anonymous_0)","decl":{"start":{"line":8,"column":10},"end":{"line":8,"column":19}},"loc":{"start":{"line":8,"column":22},"end":{"line":11,"column":1}}},"1":{"name":"(anonymous_1)","decl":{"start":{"line":13,"column":13},"end":{"line":13,"column":22}},"loc":{"start":{"line":13,"column":36},"end":{"line":23,"column":1}}},"2":{"name":"(anonymous_2)","decl":{"start":{"line":15,"column":9},"end":{"line":15,"column":18}},"loc":{"start":{"line":15,"column":9},"end":{"line":22,"column":3}}},"3":{"name":"(anonymous_3)","decl":{"start":{"line":17,"column":25},"end":{"line":17,"column":null}},"loc":{"start":{"line":17,"column":25},"end":{"line":19,"column":7}}},"4":{"name":"(anonymous_4)","decl":{"start":{"line":24,"column":8},"end":{"line":24,"column":9}},"loc":{"start":{"line":24,"column":29},"end":{"line":29,"column":1}}},"5":{"name":"(anonymous_5)","decl":{"start":{"line":30,"column":8},"end":{"line":30,"column":17}},"loc":{"start":{"line":30,"column":34},"end":{"line":34,"column":1}}},"6":{"name":"(anonymous_6)","decl":{"start":{"line":35,"column":9},"end":{"line":35,"column":18}},"loc":{"start":{"line":35,"column":31},"end":{"line":41,"column":1}}},"7":{"name":"(anonymous_7)","decl":{"start":{"line":42,"column":15},"end":{"line":42,"column":24}},"loc":{"start":{"line":42,"column":27},"end":{"line":44,"column":1}}},"8":{"name":"(anonymous_8)","decl":{"start":{"line":45,"column":14},"end":{"line":45,"column":23}},"loc":{"start":{"line":45,"column":26},"end":{"line":51,"column":1}}},"9":{"name":"(anonymous_9)","decl":{"start":{"line":53,"column":10},"end":{"line":53,"column":19}},"loc":{"start":{"line":53,"column":22},"end":{"line":63,"column":1}}},"10":{"name":"(anonymous_10)","decl":{"start":{"line":54,"column":27},"end":{"line":54,"column":31}},"loc":{"start":{"line":54,"column":31},"end":{"line":61,"column":3}}},"11":{"name":"(anonymous_11)","decl":{"start":{"line":56,"column":24},"end":{"line":56,"column":null}},"loc":{"start":{"line":56,"column":24},"end":{"line":60,"column":5}}}},"branchMap":{"0":{"loc":{"start":{"line":9,"column":2},"end":{"line":9,"column":46}},"type":"if","locations":[{"start":{"line":9,"column":2},"end":{"line":9,"column":46}},{"start":{"line":9,"column":2},"end":{"line":9,"column":46}}]},"1":{"loc":{"start":{"line":13,"column":26},"end":{"line":13,"column":null}},"type":"if","locations":[{"start":{"line":13,"column":26},"end":{"line":13,"column":null}},{"start":{"line":13,"column":26},"end":{"line":13,"column":null}}]},"2":{"loc":{"start":{"line":16,"column":4},"end":{"line":21,"column":null}},"type":"if","locations":[{"start":{"line":16,"column":4},"end":{"line":21,"column":null}},{"start":{"line":16,"column":4},"end":{"line":21,"column":null}}]},"3":{"loc":{"start":{"line":25,"column":2},"end":{"line":27,"column":null}},"type":"if","locations":[{"start":{"line":25,"column":2},"end":{"line":27,"column":null}},{"start":{"line":25,"column":2},"end":{"line":27,"column":null}}]},"4":{"loc":{"start":{"line":36,"column":2},"end":{"line":40,"column":null}},"type":"if","locations":[{"start":{"line":36,"column":2},"end":{"line":40,"column":null}},{"start":{"line":36,"column":2},"end":{"line":40,"column":null}}]},"5":{"loc":{"start":{"line":38,"column":6},"end":{"line":38,"column":14}},"type":"binary-expr","locations":[{"start":{"line":38,"column":6},"end":{"line":38,"column":14}},{"start":{"line":38,"column":18},"end":{"line":38,"column":40}}]},"6":{"loc":{"start":{"line":43,"column":9},"end":{"line":43,"column":34}},"type":"binary-expr","locations":[{"start":{"line":43,"column":9},"end":{"line":43,"column":34}},{"start":{"line":43,"column":38},"end":{"line":43,"column":43}}]},"7":{"loc":{"start":{"line":48,"column":4},"end":{"line":48,"column":48}},"type":"if","locations":[{"start":{"line":48,"column":4},"end":{"line":48,"column":48}},{"start":{"line":48,"column":4},"end":{"line":48,"column":48}}]}},"s":{"0":1,"1":1,"2":1,"3":0,"4":0,"5":0,"6":1,"7":0,"8":0,"9":0,"10":0,"11":0,"12":0,"13":0,"14":1,"15":1,"16":1,"17":0,"18":1,"19":0,"20":0,"21":0,"22":1,"23":1,"24":1,"25":2,"26":7,"27":7,"28":1,"29":7,"30":1,"31":1,"32":1,"33":7,"34":7,"35":1,"36":1,"37":1,"38":7,"39":7,"40":0,"41":0,"42":0,"43":1,"44":1,"45":1},"f":{"0":0,"1":0,"2":0,"3":0,"4":1,"5":0,"6":1,"7":7,"8":1,"9":1,"10":7,"11":0},"b":{"0":[0,0],"1":[0,0],"2":[0,0],"3":[1,0],"4":[1,0],"5":[7,7],"6":[7,0],"7":[7,0]}}
}
